[LOG] System::create                           : Header version = 1.10.04. Current version = 1.10.04.
[LOG] SystemI::setOutputInternal               : Setting output to 'FMOD WASAPI Output'
[LOG] Manager::init                            : maxchannels = 1024 studioflags = 00000009 flags 00000000 extradriverdata 0000000000000000.
[LOG] SystemI::init                            : Initialize version=11004 (93853), maxchannels=1024, flags=0x00030000
[LOG] OutputWASAPI::init                       : Mix Format (WAVEFORMATEX): wFormatTag=0xFFFE, nChannels=2, nSamplesPerSec=48000, nAvgBytesPerSec=384000, nBlockAlign=8, wBitsPerSample=32, cbSize=22.
[LOG] OutputWASAPI::init                       : Mix Format (WAVEFORMATEXTENSIBLE): wValidBitsPerSample=32, dwChannelMask=0x00000003, SubFormat=00000003-0000-0010-8000-00AA00389B71.
[LOG] OutputWASAPI::init                       : Output buffer size: 4096 samples, latency: 0.00ms, period: 10.00ms, DSP buffer: 1024 * 4
[LOG] Thread::initThread                       : Init FMOD stream thread. Priority: 2, Stack Size: 65536, Semaphore: No, Sleep Time: 10, Looping: Yes.
[LOG] SystemI::DSPCodecPoolRegister            : register codec pool for pool type 5
[LOG] Thread::initThread                       : Init FMOD mixer thread. Priority: 3, Stack Size: 49152, Semaphore: No, Sleep Time: 0, Looping: Yes.
[LOG] AsyncManager::init                       : manager 000000004F685F68 isAsync 1 updatePeriod 0.02
[LOG] Thread::initThread                       : Init FMOD Studio update thread. Priority: 0, Stack Size: 65536, Semaphore: No, Sleep Time: 1, Looping: No.
[LOG] AsyncManager::init                       : done
[LOG] PlaybackSystem::init                     : 
[LOG] Thread::initThread                       : Init FMOD Studio sample load thread. Priority: 0, Stack Size: 65536, Semaphore: No, Sleep Time: 1, Looping: No.
[LOG] PlaybackSystem::init                     : done
[LOG] LiveUpdate::init                         : 
[LOG] Thread::initThread                       : Init FMOD Studio bank load thread. Priority: 0, Stack Size: 65536, Semaphore: No, Sleep Time: 1, Looping: No.
[LOG] Manager::init                            : done.
[LOG] Profile::init                            : Profiler listening on port: 9264
[LOG] Manager::readBank                        : fileversion = 100, compatVersion = 99 (oldest = 44, newest = 100)
[LOG] Manager::readBank                        : fileversion = 100, compatVersion = 99 (oldest = 44, newest = 100)
[LOG] PlaybackSystem::acquireMasterBus         : Setting master channel group format to 6
[LOG] SystemI::createSound                     : filename = FMODAudio\Build\Desktop/Master Bank.bank : mode 02010082
[LOG] SystemI::createSound                     : FMOD_NONBLOCKING specified.  Putting into queue to be opened asynchronously!
[LOG] SystemI::createSound                     : setdata soundi = 0000000043BB4D08 : node = 0000000043BCC9B0
[LOG] SystemI::createSound                     : add node to async list : head = 000000004F7C2A48.  list count = 0
[LOG] AsyncThread::threadFunc                  : Starting Asynchronous operation on sound 0000000043BB4D08
[LOG] SystemI::createSoundInternal             :     Create name='FMODAudio\Build\Desktop/Master Bank.bank', mode=0x02010082
[LOG] SystemI::createSoundInternal             :     exinfo->cbsize             = 232
[LOG] SystemI::createSoundInternal             :     exinfo->length             = 11538080
[LOG] SystemI::createSoundInternal             :     exinfo->fileoffset         = 27552
[LOG] SystemI::createSoundInternal             :     exinfo->numsubsounds       = 1
[LOG] SystemI::createSoundInternal             :     exinfo->inclusionlist      = 0000000043BCCAC8
[LOG] SystemI::createSoundInternal             :     exinfo->inclusionlistnum   = 1
[LOG] SystemI::createSoundInternal             :     exinfo->suggestedsoundtype = 5
[LOG] SystemI::createSoundInternal             :     exinfo->initialseekpostype = 1
[LOG] SystemI::createSoundInternal             :     Create name='', mode=0x02000202
[LOG] SystemI::createSoundInternal             :     exinfo->cbsize             = 232
[LOG] SystemI::createSoundInternal             :     exinfo->length             = 11538080
[LOG] SystemI::createSoundInternal             :     exinfo->fileoffset         = 27552
[LOG] SystemI::createSoundInternal             :     exinfo->numsubsounds       = 1
[LOG] SystemI::createSoundInternal             :     exinfo->inclusionlist      = 0000000068EFF5FC
[LOG] SystemI::createSoundInternal             :     exinfo->inclusionlistnum   = 1
[LOG] SystemI::createSoundInternal             :     exinfo->suggestedsoundtype = 5
[LOG] SystemI::createSoundInternal             :     exinfo->useropen           = 00007FFC5642E310
[LOG] SystemI::createSoundInternal             :     exinfo->userclose          = 00007FFC5642E2E0
[LOG] SystemI::createSoundInternal             :     exinfo->userread           = 00007FFC5642E3E0
[LOG] SystemI::createSoundInternal             :     exinfo->userseek           = 00007FFC5642E490
[LOG] SystemI::createSoundInternal             :     exinfo->fileuserdata       = 000000004F92A718
[LOG] SystemI::createSoundInternal             :     exinfo->initialseekpostype = 1
[LOG] SystemI::createSoundInternal             :     Stream 0/1: name='187292__yuval__old-attic-wind', format=2, channels=2, frequency=48000, lengthbytes=1452704, lengthpcm=5536845, pcmblocksize=0, loopstart=0, loopend=0, mode=0x00000000, channelmask=0x00000000, channelorder=0, peakvolume=0.343430.
[LOG] SystemI::DSPCodecPoolRegister            :     register codec pool for pool type 5
[LOG] SystemI::createSoundInternal             :     Sample 0/1: name='Mouse-In-Wall', format=2, channels=2, frequency=48000, lengthbytes=34656, lengthpcm=145597, pcmblocksize=0, loopstart=0, loopend=0, mode=0x00000000, channelmask=0x00000000, channelorder=0, peakvolume=0.077148.
[LOG] SystemI::createSoundInternal             :     Create name='', mode=0x02000202
[LOG] SystemI::createSoundInternal             :     exinfo->cbsize             = 232
[LOG] SystemI::createSoundInternal             :     exinfo->length             = 11538080
[LOG] SystemI::createSoundInternal             :     exinfo->fileoffset         = 27552
[LOG] SystemI::createSoundInternal             :     exinfo->numsubsounds       = 1
[LOG] SystemI::createSoundInternal             :     exinfo->inclusionlist      = 0000000068EFF5FC
[LOG] SystemI::createSoundInternal             :     exinfo->inclusionlistnum   = 1
[LOG] SystemI::createSoundInternal             :     exinfo->suggestedsoundtype = 5
[LOG] SystemI::createSoundInternal             :     exinfo->useropen           = 00007FFC5642E310
[LOG] SystemI::createSoundInternal             :     exinfo->userclose          = 00007FFC5642E2E0
[LOG] SystemI::createSoundInternal             :     exinfo->userread           = 00007FFC5642E3E0
[LOG] SystemI::createSoundInternal             :     exinfo->userseek           = 00007FFC5642E490
[LOG] SystemI::createSoundInternal             :     exinfo->fileuserdata       = 000000004F92A718
[LOG] SystemI::createSoundInternal             :     exinfo->initialseekpostype = 1
[LOG] SystemI::DSPCodecPoolRegister            :     register codec pool for pool type 5
[LOG] SystemI::createSoundInternal             :     Sample 0/1: name='Mouse-In-Wall-2', format=2, channels=2, frequency=48000, lengthbytes=35296, lengthpcm=145597, pcmblocksize=0, loopstart=0, loopend=0, mode=0x00000000, channelmask=0x00000000, channelorder=0, peakvolume=0.082062.
[LOG] SystemI::createSoundInternal             :     Create name='', mode=0x02000202
[LOG] SystemI::createSoundInternal             :     exinfo->cbsize             = 232
[LOG] SystemI::createSoundInternal             :     exinfo->length             = 11538080
[LOG] SystemI::createSoundInternal             :     exinfo->fileoffset         = 27552
[LOG] SystemI::createSoundInternal             :     exinfo->numsubsounds       = 1
[LOG] SystemI::createSoundInternal             :     exinfo->inclusionlist      = 0000000068EFF5FC
[LOG] SystemI::createSoundInternal             :     exinfo->inclusionlistnum   = 1
[LOG] SystemI::createSoundInternal             :     exinfo->suggestedsoundtype = 5
[LOG] SystemI::createSoundInternal             :     exinfo->useropen           = 00007FFC5642E310
[LOG] SystemI::createSoundInternal             :     exinfo->userclose          = 00007FFC5642E2E0
[LOG] SystemI::createSoundInternal             :     exinfo->userread           = 00007FFC5642E3E0
[LOG] SystemI::createSoundInternal             :     exinfo->userseek           = 00007FFC5642E490
[LOG] SystemI::createSoundInternal             :     exinfo->fileuserdata       = 000000004F92A718
[LOG] SystemI::createSoundInternal             :     exinfo->initialseekpostype = 1
[LOG] SystemI::DSPCodecPoolRegister            :     register codec pool for pool type 5
[LOG] SystemI::createSoundInternal             :     Sample 0/1: name='Slam-1', format=2, channels=2, frequency=48000, lengthbytes=11424, lengthpcm=47243, pcmblocksize=0, loopstart=0, loopend=0, mode=0x00000000, channelmask=0x00000000, channelorder=0, peakvolume=0.219147.
[LOG] SystemI::createSoundInternal             :     Create name='', mode=0x02000202
[LOG] SystemI::createSoundInternal             :     exinfo->cbsize             = 232
[LOG] SystemI::createSoundInternal             :     exinfo->length             = 11538080
[LOG] SystemI::createSoundInternal             :     exinfo->fileoffset         = 27552
[LOG] SystemI::createSoundInternal             :     exinfo->numsubsounds       = 1
[LOG] SystemI::createSoundInternal             :     exinfo->inclusionlist      = 0000000068EFF5FC
[LOG] SystemI::createSoundInternal             :     exinfo->inclusionlistnum   = 1
[LOG] SystemI::createSoundInternal             :     exinfo->suggestedsoundtype = 5
[LOG] SystemI::createSoundInternal             :     exinfo->useropen           = 00007FFC5642E310
[LOG] SystemI::createSoundInternal             :     exinfo->userclose          = 00007FFC5642E2E0
[LOG] SystemI::createSoundInternal             :     exinfo->userread           = 00007FFC5642E3E0
[LOG] SystemI::createSoundInternal             :     exinfo->userseek           = 00007FFC5642E490
[LOG] SystemI::createSoundInternal             :     exinfo->fileuserdata       = 000000004F92A718
[LOG] SystemI::createSoundInternal             :     exinfo->initialseekpostype = 1
[LOG] SystemI::DSPCodecPoolRegister            :     register codec pool for pool type 5
[LOG] SystemI::createSoundInternal             :     Sample 0/1: name='Chair-Scrape', format=2, channels=2, frequency=48000, lengthbytes=15552, lengthpcm=66249, pcmblocksize=0, loopstart=0, loopend=0, mode=0x00000000, channelmask=0x00000000, channelorder=0, peakvolume=0.073090.
[LOG] SystemI::createSoundInternal             :     Create name='', mode=0x02000202
[LOG] SystemI::createSoundInternal             :     exinfo->cbsize             = 232
[LOG] SystemI::createSoundInternal             :     exinfo->length             = 11538080
[LOG] SystemI::createSoundInternal             :     exinfo->fileoffset         = 27552
[LOG] SystemI::createSoundInternal             :     exinfo->numsubsounds       = 1
[LOG] SystemI::createSoundInternal             :     exinfo->inclusionlist      = 0000000068EFF5FC
[LOG] SystemI::createSoundInternal             :     exinfo->inclusionlistnum   = 1
[LOG] SystemI::createSoundInternal             :     exinfo->suggestedsoundtype = 5
[LOG] SystemI::createSoundInternal             :     exinfo->useropen           = 00007FFC5642E310
[LOG] SystemI::createSoundInternal             :     exinfo->userclose          = 00007FFC5642E2E0
[LOG] SystemI::createSoundInternal             :     exinfo->userread           = 00007FFC5642E3E0
[LOG] SystemI::createSoundInternal             :     exinfo->userseek           = 00007FFC5642E490
[LOG] SystemI::createSoundInternal             :     exinfo->fileuserdata       = 000000004F92A718
[LOG] SystemI::createSoundInternal             :     exinfo->initialseekpostype = 1
[LOG] SystemI::DSPCodecPoolRegister            :     register codec pool for pool type 5
[LOG] SystemI::createSoundInternal             :     Sample 0/1: name='Slam', format=2, channels=2, frequency=48000, lengthbytes=12736, lengthpcm=53760, pcmblocksize=0, loopstart=0, loopend=0, mode=0x00000000, channelmask=0x00000000, channelorder=0, peakvolume=0.353241.
[LOG] SystemI::createSoundInternal             :     Create name='', mode=0x02000202
[LOG] SystemI::createSoundInternal             :     exinfo->cbsize             = 232
[LOG] SystemI::createSoundInternal             :     exinfo->length             = 11538080
[LOG] SystemI::createSoundInternal             :     exinfo->fileoffset         = 27552
[LOG] SystemI::createSoundInternal             :     exinfo->numsubsounds       = 1
[LOG] SystemI::createSoundInternal             :     exinfo->inclusionlist      = 0000000068EFF5FC
[LOG] SystemI::createSoundInternal             :     exinfo->inclusionlistnum   = 1
[LOG] SystemI::createSoundInternal             :     exinfo->suggestedsoundtype = 5
[LOG] SystemI::createSoundInternal             :     exinfo->useropen           = 00007FFC5642E310
[LOG] SystemI::createSoundInternal             :     exinfo->userclose          = 00007FFC5642E2E0
[LOG] SystemI::createSoundInternal             :     exinfo->userread           = 00007FFC5642E3E0
[LOG] SystemI::createSoundInternal             :     exinfo->userseek           = 00007FFC5642E490
[LOG] SystemI::createSoundInternal             :     exinfo->fileuserdata       = 000000004F92A718
[LOG] SystemI::createSoundInternal             :     exinfo->initialseekpostype = 1
[LOG] SystemI::DSPCodecPoolRegister            :     register codec pool for pool type 5
[LOG] SystemI::createSoundInternal             :     Sample 0/1: name='Mouse-In-Wall-3', format=2, channels=2, frequency=48000, lengthbytes=19968, lengthpcm=83641, pcmblocksize=0, loopstart=0, loopend=0, mode=0x00000000, channelmask=0x00000000, channelorder=0, peakvolume=0.067261.
[LOG] SystemI::createSoundInternal             :     Create name='', mode=0x02000202
[LOG] SystemI::createSoundInternal             :     exinfo->cbsize             = 232
[LOG] SystemI::createSoundInternal             :     exinfo->length             = 11538080
[LOG] SystemI::createSoundInternal             :     exinfo->fileoffset         = 27552
[LOG] SystemI::createSoundInternal             :     exinfo->numsubsounds       = 1
[LOG] SystemI::createSoundInternal             :     exinfo->inclusionlist      = 0000000068EFF5FC
[LOG] SystemI::createSoundInternal             :     exinfo->inclusionlistnum   = 1
[LOG] SystemI::createSoundInternal             :     exinfo->suggestedsoundtype = 5
[LOG] SystemI::createSoundInternal             :     exinfo->useropen           = 00007FFC5642E310
[LOG] SystemI::createSoundInternal             :     exinfo->userclose          = 00007FFC5642E2E0
[LOG] SystemI::createSoundInternal             :     exinfo->userread           = 00007FFC5642E3E0
[LOG] SystemI::createSoundInternal             :     exinfo->userseek           = 00007FFC5642E490
[LOG] SystemI::createSoundInternal             :     exinfo->fileuserdata       = 000000004F92A718
[LOG] SystemI::createSoundInternal             :     exinfo->initialseekpostype = 1
[LOG] SystemI::DSPCodecPoolRegister            :     register codec pool for pool type 5
[LOG] SystemI::createSoundInternal             :     Sample 0/1: name='Creek', format=2, channels=1, frequency=48000, lengthbytes=8608, lengthpcm=56161, pcmblocksize=0, loopstart=0, loopend=0, mode=0x00000000, channelmask=0x00000000, channelorder=0, peakvolume=0.107483.
[LOG] SystemI::createSoundInternal             :     Create name='', mode=0x02000202
[LOG] SystemI::createSoundInternal             :     exinfo->cbsize             = 232
[LOG] SystemI::createSoundInternal             :     exinfo->length             = 11538080
[LOG] SystemI::createSoundInternal             :     exinfo->fileoffset         = 27552
[LOG] SystemI::createSoundInternal             :     exinfo->numsubsounds       = 1
[LOG] SystemI::createSoundInternal             :     exinfo->inclusionlist      = 0000000068EFF5FC
[LOG] SystemI::createSoundInternal             :     exinfo->inclusionlistnum   = 1
[LOG] SystemI::createSoundInternal             :     exinfo->suggestedsoundtype = 5
[LOG] SystemI::createSoundInternal             :     exinfo->useropen           = 00007FFC5642E310
[LOG] SystemI::createSoundInternal             :     exinfo->userclose          = 00007FFC5642E2E0
[LOG] AsyncThread::threadFunc                  : Finished Asynchronous operation on sound 0000000043BB4D08
[LOG] SystemI::createSoundInternal             : exinfo->userread           = 00007FFC5642E3E0
[LOG] SystemI::createSoundInternal             : exinfo->userseek           = 00007FFC5642E490
[LOG] SystemI::createSoundInternal             : exinfo->fileuserdata       = 000000004F92A718
[LOG] SystemI::createSoundInternal             : exinfo->initialseekpostype = 1
[LOG] SystemI::DSPCodecPoolRegister            : register codec pool for pool type 5
[LOG] SystemI::createSoundInternal             : Sample 0/1: name='Chair-Scrape-1', format=2, channels=2, frequency=48000, lengthbytes=10496, lengthpcm=86730, pcmblocksize=0, loopstart=0, loopend=0, mode=0x00000000, channelmask=0x00000000, channelorder=0, peakvolume=0.406616.
[LOG] SystemI::createSoundInternal             : Create name='', mode=0x02000202
[LOG] SystemI::createSoundInternal             : exinfo->cbsize             = 232
[LOG] SystemI::createSoundInternal             : exinfo->length             = 11538080
[LOG] SystemI::createSoundInternal             : exinfo->fileoffset         = 27552
[LOG] SystemI::createSoundInternal             : exinfo->numsubsounds       = 1
[LOG] SystemI::createSoundInternal             : exinfo->inclusionlist      = 0000000068EFF5FC
[LOG] SystemI::createSoundInternal             : exinfo->inclusionlistnum   = 1
[LOG] SystemI::createSoundInternal             : exinfo->suggestedsoundtype = 5
[LOG] SystemI::createSoundInternal             : exinfo->useropen           = 00007FFC5642E310
[LOG] SystemI::createSoundInternal             : exinfo->userclose          = 00007FFC5642E2E0
[LOG] SystemI::createSoundInternal             : exinfo->userread           = 00007FFC5642E3E0
[LOG] SystemI::createSoundInternal             : exinfo->userseek           = 00007FFC5642E490
[LOG] SystemI::createSoundInternal             : exinfo->fileuserdata       = 000000004F92A718
[LOG] SystemI::createSoundInternal             : exinfo->initialseekpostype = 1
[LOG] SystemI::DSPCodecPoolRegister            : register codec pool for pool type 5
[LOG] SystemI::createSoundInternal             : Sample 0/1: name='Chair-Scrape-2', format=2, channels=2, frequency=48000, lengthbytes=12256, lengthpcm=117282, pcmblocksize=0, loopstart=0, loopend=0, mode=0x00000000, channelmask=0x00000000, channelorder=0, peakvolume=0.466339.
[LOG] SystemI::createSoundInternal             : Create name='', mode=0x02000202
[LOG] SystemI::createSoundInternal             : exinfo->cbsize             = 232
[LOG] SystemI::createSoundInternal             : exinfo->length             = 11538080
[LOG] SystemI::createSoundInternal             : exinfo->fileoffset         = 27552
[LOG] SystemI::createSoundInternal             : exinfo->numsubsounds       = 1
[LOG] SystemI::createSoundInternal             : exinfo->inclusionlist      = 0000000068EFF5FC
[LOG] SystemI::createSoundInternal             : exinfo->inclusionlistnum   = 1
[LOG] SystemI::createSoundInternal             : exinfo->suggestedsoundtype = 5
[LOG] SystemI::createSoundInternal             : exinfo->useropen           = 00007FFC5642E310
[LOG] SystemI::createSoundInternal             : exinfo->userclose          = 00007FFC5642E2E0
[LOG] SystemI::createSoundInternal             : exinfo->userread           = 00007FFC5642E3E0
[LOG] SystemI::createSoundInternal             : exinfo->userseek           = 00007FFC5642E490
[LOG] SystemI::createSoundInternal             : exinfo->fileuserdata       = 000000004F92A718
[LOG] SystemI::createSoundInternal             : exinfo->initialseekpostype = 1
[LOG] SystemI::DSPCodecPoolRegister            : register codec pool for pool type 5
[LOG] SystemI::createSoundInternal             : Sample 0/1: name='Clock-Loop', format=2, channels=2, frequency=48000, lengthbytes=71744, lengthpcm=289453, pcmblocksize=0, loopstart=0, loopend=0, mode=0x00000000, channelmask=0x00000000, channelorder=0, peakvolume=0.030304.
[LOG] SystemI::createSoundInternal             : Create name='', mode=0x02000202
[LOG] SystemI::createSoundInternal             : exinfo->cbsize             = 232
[LOG] SystemI::createSoundInternal             : exinfo->length             = 11538080
[LOG] SystemI::createSoundInternal             : exinfo->fileoffset         = 27552
[LOG] SystemI::createSoundInternal             : exinfo->numsubsounds       = 1
[LOG] SystemI::createSoundInternal             : exinfo->inclusionlist      = 0000000068EFF5FC
[LOG] SystemI::createSoundInternal             : exinfo->inclusionlistnum   = 1
[LOG] SystemI::createSoundInternal             : exinfo->suggestedsoundtype = 5
[LOG] SystemI::createSoundInternal             : exinfo->useropen           = 00007FFC5642E310
[LOG] SystemI::createSoundInternal             : exinfo->userclose          = 00007FFC5642E2E0
[LOG] SystemI::createSoundInternal             : exinfo->userread           = 00007FFC5642E3E0
[LOG] SystemI::createSoundInternal             : exinfo->userseek           = 00007FFC5642E490
[LOG] SystemI::createSoundInternal             : exinfo->fileuserdata       = 000000004F92A718
[LOG] SystemI::createSoundInternal             : exinfo->initialseekpostype = 1
[LOG] SystemI::DSPCodecPoolRegister            : register codec pool for pool type 5
[LOG] SystemI::createSoundInternal             : Sample 0/1: name='Creek-1', format=2, channels=1, frequency=48000, lengthbytes=12448, lengthpcm=82871, pcmblocksize=0, loopstart=0, loopend=0, mode=0x00000000, channelmask=0x00000000, channelorder=0, peakvolume=0.133118.
[LOG] SystemI::createSoundInternal             : Create name='', mode=0x02000202
[LOG] SystemI::createSoundInternal             : exinfo->cbsize             = 232
[LOG] SystemI::createSoundInternal             : exinfo->length             = 11538080
[LOG] SystemI::createSoundInternal             : exinfo->fileoffset         = 27552
[LOG] SystemI::createSoundInternal             : exinfo->numsubsounds       = 1
[LOG] SystemI::createSoundInternal             : exinfo->inclusionlist      = 0000000068EFF5FC
[LOG] SystemI::createSoundInternal             : exinfo->inclusionlistnum   = 1
[LOG] SystemI::createSoundInternal             : exinfo->suggestedsoundtype = 5
[LOG] SystemI::createSoundInternal             : exinfo->useropen           = 00007FFC5642E310
[LOG] SystemI::createSoundInternal             : exinfo->userclose          = 00007FFC5642E2E0
[LOG] SystemI::createSoundInternal             : exinfo->userread           = 00007FFC5642E3E0
[LOG] SystemI::createSoundInternal             : exinfo->userseek           = 00007FFC5642E490
[LOG] SystemI::createSoundInternal             : exinfo->fileuserdata       = 000000004F92A718
[LOG] SystemI::createSoundInternal             : exinfo->initialseekpostype = 1
[LOG] SystemI::DSPCodecPoolRegister            : register codec pool for pool type 5
[LOG] SystemI::createSoundInternal             : Sample 0/1: name='Slam-2', format=2, channels=2, frequency=48000, lengthbytes=25600, lengthpcm=110234, pcmblocksize=0, loopstart=0, loopend=0, mode=0x00000000, channelmask=0x00000000, channelorder=0, peakvolume=0.281647.
[LOG] SoundI::getSubSound                      : sound 0000000043BB4D08.  Subsound index 0 / 1
[LOG] SoundI::release                          : 187292__yuval__old-attic-wind (0000000043BB4D08)
[LOG] SoundI::release                          :     187292__yuval__old-attic-wind (000000004F7C2DD8)
[LOG] SoundI::release                          :     187292__yuval__old-attic-wind (0000000043BB47F8)
[LOG] SoundI::release                          :  (0000000043BAAF68)
[LOG] SoundI::release                          :     Mouse-In-Wall-2 (000000004F7C13D8)
[LOG] SoundI::release                          :  (0000000043BAADF8)
[LOG] SoundI::release                          :     Slam (000000004F7C2A98)
[LOG] SoundI::release                          :  (0000000043BA99D8)
[LOG] SoundI::release                          :     Slam-1 (000000004F7C1578)
[LOG] SoundI::release                          :  (0000000043BAA6C8)
[LOG] SoundI::release                          :     Slam-2 (000000004F6B79B8)
[LOG] SoundI::release                          :  (0000000043BAB248)
[LOG] SoundI::release                          :     Chair-Scrape (000000004F7C1718)
[LOG] SoundI::release                          :  (0000000043BAA278)
[LOG] SoundI::release                          :     Chair-Scrape-1 (000000004F7C2C38)
[LOG] SoundI::release                          :  (0000000043BAAC88)
[LOG] SoundI::release                          :     Chair-Scrape-2 (000000004F6B8518)
[LOG] SoundI::release                          :  (0000000043BAB3B8)
[LOG] SoundI::release                          :     Creek (000000004F7C1F38)
[LOG] SoundI::release                          :  (0000000043BAA558)
[LOG] SoundI::release                          :     Creek-1 (000000004F6B7818)
[LOG] SoundI::release                          :  (0000000043BAA9A8)
[LOG] SoundI::release                          :     Mouse-In-Wall (000000004F7C1238)
[LOG] SoundI::release                          :  (0000000043BAAB18)
[LOG] SoundI::release                          :     Mouse-In-Wall-3 (000000004F7C18B8)
[LOG] SoundI::release                          :  (0000000043BAA3E8)
[LOG] SoundI::release                          :     Clock-Loop (000000004F6B86B8)
[LOG] Thread::callback                         : FMOD Studio update thread finished.
[LOG] Thread::callback                         : FMOD Studio bank load thread finished.
[LOG] Profile::disconnectAll                   : Profiler disconnecting all clients
[LOG] Thread::callback                         : FMOD Studio sample load thread finished.
[LOG] LiveUpdate::release                      : 
[LOG] LiveUpdate::reset                        : Reset connection (reason Disconnected)
[LOG] Thread::callback                         : FMOD stream thread finished.
[LOG] Thread::callback                         : FMOD mixer thread finished.
[LOG] Profile::disconnectAll                   : Profiler disconnecting all clients
[LOG] SystemI::close                           : Closed.
